<?xml version="1.0" encoding="UTF-8"?>
<!-- Generated by org.testng.reporters.JUnitXMLReporter -->
<testsuite ignored="1" hostname="LAPTOP-IPOP83AA" failures="1" tests="6" name="MultipleTest" time="0.629" errors="0" timestamp="2022-06-12T21:21:45 IST">
  <testcase classname="com.sellabspractice.TestNgProg2" name="F" time="0.051"/>
  <testcase classname="com.sellabspractice.TestNgProg2" name="G" time="0.013"/>
  <testcase classname="com.sellabspractice.TestNgProgram" name="C" time="0.011"/>
  <testcase classname="com.sellabspractice.TestNgProgram" name="B" time="0.04">
    <failure type="java.lang.ArithmeticException" message="/ by zero">
      <![CDATA[java.lang.ArithmeticException: / by zero
at com.sellabspractice.TestNgProgram.B(TestNgProgram.java:10)
at java.base/java.util.ArrayList.forEach(ArrayList.java:1511)
... Removed 27 stack frames]]>
    </failure>
  </testcase> <!-- B -->
  <testcase classname="com.sellabspractice.TestNgProgram" name="D" time="0.017"/>
  <testcase classname="com.sellabspractice.TestNgProgram" name="E" time="0.013"/>
  <testcase classname="com.sellabspractice.TestNgProgram" name="A" time="0.0">
    <ignored/>
  </testcase> <!-- A -->
</testsuite> <!-- MultipleTest -->
