<?xml version="1.0" encoding="UTF-8"?>
<testng-results ignored="0" total="1" passed="1" failed="0" skipped="0">
  <reporter-output>
  </reporter-output>
  <suite started-at="2022-06-13T13:18:08 IST" name="Suite" finished-at="2022-06-13T13:18:08 IST" duration-ms="276">
    <groups>
    </groups>
    <test started-at="2022-06-13T13:18:08 IST" name="Test" finished-at="2022-06-13T13:18:08 IST" duration-ms="276">
      <class name="com.sellabspractice.ParameterProg">
        <test-method signature="ops(int)[pri:0, instance:com.sellabspractice.ParameterProg@346d61be]" started-at="2022-06-13T13:18:08 IST" name="ops" finished-at="2022-06-13T13:18:08 IST" duration-ms="55" status="PASS">
          <params>
            <param index="0">
              <value>
                <![CDATA[12]]>
              </value>
            </param>
          </params>
          <reporter-output>
          </reporter-output>
        </test-method> <!-- ops -->
      </class> <!-- com.sellabspractice.ParameterProg -->
    </test> <!-- Test -->
  </suite> <!-- Suite -->
</testng-results>
